<?xml version="1.0" encoding="UTF-8" ?>
<testsuite tests="1" failures="0" name="loadtesting.GoogleHomePageTest" time="1.618" errors="0" skipped="0">
  <properties>
    <property name="java.runtime.name" value="Java(TM) SE Runtime Environment"/>
    <property name="sun.boot.library.path" value="C:\Program Files (x86)\ANF Plugins and Extensions\Chrome Token Signing\jre1.8\bin"/>
    <property name="java.vm.version" value="25.20-b23"/>
    <property name="user.country.format" value="ES"/>
    <property name="java.vm.vendor" value="Oracle Corporation"/>
    <property name="maven.multiModuleProjectDirectory" value="C:\Users\japerezm\eclipse-workspace\loadtesting"/>
    <property name="java.vendor.url" value="http://java.oracle.com/"/>
    <property name="path.separator" value=";"/>
    <property name="guice.disable.misplaced.annotation.check" value="true"/>
    <property name="java.vm.name" value="Java HotSpot(TM) Client VM"/>
    <property name="file.encoding.pkg" value="sun.io"/>
    <property name="user.script" value=""/>
    <property name="user.country" value="US"/>
    <property name="sun.java.launcher" value="SUN_STANDARD"/>
    <property name="sun.os.patch.level" value="Service Pack 1"/>
    <property name="java.vm.specification.name" value="Java Virtual Machine Specification"/>
    <property name="user.dir" value="C:\Users\japerezm\eclipse-workspace\loadtesting"/>
    <property name="java.runtime.version" value="1.8.0_20-b26"/>
    <property name="java.awt.graphicsenv" value="sun.awt.Win32GraphicsEnvironment"/>
    <property name="java.endorsed.dirs" value="C:\Program Files (x86)\ANF Plugins and Extensions\Chrome Token Signing\jre1.8\lib\endorsed"/>
    <property name="os.arch" value="x86"/>
    <property name="java.io.tmpdir" value="C:\Users\japerezm\AppData\Local\Temp\"/>
    <property name="line.separator" value="
"/>
    <property name="java.vm.specification.vendor" value="Oracle Corporation"/>
    <property name="user.variant" value=""/>
    <property name="os.name" value="Windows 7"/>
    <property name="classworlds.conf" value="C:\Users\japerezm\eclipse-workspace\.metadata\.plugins\org.eclipse.m2e.launching\launches\m2conf184494435836090387.tmp"/>
    <property name="sun.jnu.encoding" value="Cp1252"/>
    <property name="java.library.path" value="C:\Program Files (x86)\ANF Plugins and Extensions\Chrome Token Signing\jre1.8\bin;C:\WINDOWS\Sun\Java\bin;C:\WINDOWS\system32;C:\WINDOWS;C:/Program Files (x86)/ANF Plugins and Extensions/Chrome Token Signing/jre1.8/bin/client;C:/Program Files (x86)/ANF Plugins and Extensions/Chrome Token Signing/jre1.8/bin;C:/Program Files (x86)/ANF Plugins and Extensions/Chrome Token Signing/jre1.8/lib/i386;C:\Program Files (x86)\ANF Plugins and Extensions\Chrome Token Signing\jre1.8\bin\server;C:\Program Files (x86)\ANF Plugins and Extensions\Chrome Token Signing\jre1.8\bin;C:\WINDOWS\system32;C:\WINDOWS;C:\WINDOWS\System32\Wbem;C:\WINDOWS\System32\WindowsPowerShell\v1.0\;C:\WINDOWS\System32\WindowsPowerShell\v1.0\;C:\Program Files\TortoiseSVN\bin;C:\Program Files\Git\cmd;%M2_HOME%\bin;C:\Program Files\nodejs\;C:\Program Files (x86)\HP\LeanFT\bin;C:\Program Files (x86)\HP\Virtual User Generator\strawberry-perl\perl\bin;C:\openssl-0.9.8r-i386-win32-rev2;C:\Users\japerezm\AppData\Roaming\npm;C:\Users\japerezm\AppData\Roaming\Microsoft\Windows\Start Menu\Programs\Eclipse;;C:\Program Files (x86)\HP\LeanFT\\bin;."/>
    <property name="java.specification.name" value="Java Platform API Specification"/>
    <property name="java.class.version" value="52.0"/>
    <property name="sun.management.compiler" value="HotSpot Client Compiler"/>
    <property name="os.version" value="6.1"/>
    <property name="user.home" value="C:\Users\japerezm"/>
    <property name="user.timezone" value="GMT+01:00"/>
    <property name="java.awt.printerjob" value="sun.awt.windows.WPrinterJob"/>
    <property name="java.specification.version" value="1.8"/>
    <property name="file.encoding" value="Cp1252"/>
    <property name="user.name" value="japerezm"/>
    <property name="java.class.path" value="/C:/Users/japerezm/.p2/pool/plugins/org.eclipse.m2e.maven.runtime_1.8.0.20170516-2042/jars/plexus-classworlds-2.5.2.jar"/>
    <property name="java.vm.specification.version" value="1.8"/>
    <property name="sun.arch.data.model" value="32"/>
    <property name="java.home" value="C:\Program Files (x86)\ANF Plugins and Extensions\Chrome Token Signing\jre1.8"/>
    <property name="sun.java.command" value="org.codehaus.plexus.classworlds.launcher.Launcher -B test"/>
    <property name="java.specification.vendor" value="Oracle Corporation"/>
    <property name="user.language" value="en"/>
    <property name="user.language.format" value="es"/>
    <property name="awt.toolkit" value="sun.awt.windows.WToolkit"/>
    <property name="java.vm.info" value="mixed mode"/>
    <property name="java.version" value="1.8.0_20"/>
    <property name="java.ext.dirs" value="C:\Program Files (x86)\ANF Plugins and Extensions\Chrome Token Signing\jre1.8\lib\ext;C:\WINDOWS\Sun\Java\lib\ext"/>
    <property name="sun.boot.class.path" value="C:\Program Files (x86)\ANF Plugins and Extensions\Chrome Token Signing\jre1.8\lib\resources.jar;C:\Program Files (x86)\ANF Plugins and Extensions\Chrome Token Signing\jre1.8\lib\rt.jar;C:\Program Files (x86)\ANF Plugins and Extensions\Chrome Token Signing\jre1.8\lib\sunrsasign.jar;C:\Program Files (x86)\ANF Plugins and Extensions\Chrome Token Signing\jre1.8\lib\jsse.jar;C:\Program Files (x86)\ANF Plugins and Extensions\Chrome Token Signing\jre1.8\lib\jce.jar;C:\Program Files (x86)\ANF Plugins and Extensions\Chrome Token Signing\jre1.8\lib\charsets.jar;C:\Program Files (x86)\ANF Plugins and Extensions\Chrome Token Signing\jre1.8\lib\jfr.jar;C:\Program Files (x86)\ANF Plugins and Extensions\Chrome Token Signing\jre1.8\classes;C:\Program Files (x86)\HP\LeanFT\bin\java_shared\classes;C:\Program Files (x86)\HP\LeanFT\bin\java_shared\classes\jasmine.jar"/>
    <property name="java.vendor" value="Oracle Corporation"/>
    <property name="maven.home" value="C:\Users\japerezm\eclipse-workspace\loadtesting\EMBEDDED"/>
    <property name="file.separator" value="\"/>
    <property name="java.vendor.url.bug" value="http://bugreport.sun.com/bugreport/"/>
    <property name="sun.cpu.endian" value="little"/>
    <property name="sun.io.unicode.encoding" value="UnicodeLittle"/>
    <property name="sun.desktop" value="windows"/>
    <property name="sun.cpu.isalist" value="pentium_pro+mmx pentium_pro pentium+mmx pentium i486 i386 i86"/>
  </properties>
  <testcase classname="loadtesting.GoogleHomePageTest" name="verifyGooglePageTittle" time="1.618"/>
</testsuite>