<?xml version="1.0" encoding="UTF-8"?>
<!-- Generated by org.testng.reporters.JUnitReportReporter -->
<testsuite hostname="debian02" name="loadtesting.GoogleHomePageTest" tests="1" failures="0" timestamp="28 Jul 2017 06:16:56 GMT" time="2.064" errors="0">
  <testcase name="verifyGooglePageTittle" time="2.064" classname="loadtesting.GoogleHomePageTest"/>
</testsuite> <!-- loadtesting.GoogleHomePageTest -->
