<?xml version="1.0" encoding="UTF-8"?>
<!-- Generated by org.testng.reporters.JUnitReportReporter -->
<testsuite hostname="LES002818" name="loadtesting.GoogleHomePageTest" tests="1" failures="0" timestamp="24 Jul 2017 07:36:54 GMT" time="1.609" errors="0">
  <testcase name="verifyGooglePageTittle" time="1.609" classname="loadtesting.GoogleHomePageTest"/>
</testsuite> <!-- loadtesting.GoogleHomePageTest -->
