<?xml version="1.0" encoding="UTF-8"?>
<!-- Generated by org.testng.reporters.JUnitReportReporter -->
<testsuite hostname="debian02" name="loadtesting.GoogleHomePageTest" tests="1" failures="0" timestamp="31 Jul 2017 08:23:14 GMT" time="9.445" errors="0">
  <testcase name="verifyGooglePageTittle" time="9.445" classname="loadtesting.GoogleHomePageTest"/>
</testsuite> <!-- loadtesting.GoogleHomePageTest -->
